# JRE version: Java(TM) SE Runtime Environment (8.0_181-b13) (build 1.8.0_181-b13)
# Java VM: Java HotSpot(TM) 64-Bit Server VM (25.181-b13 mixed mode windows-amd64 compressed oops)
Heap:
 PSYoungGen      total 71168K, used 58637K [0x00000000eb100000, 0x00000000f4100000, 0x0000000100000000)
  eden space 64000K, 91% used [0x00000000eb100000,0x00000000eea43738,0x00000000eef80000)
  from space 7168K, 0% used [0x00000000eef80000,0x00000000eef80000,0x00000000ef680000)
  to   space 9728K, 0% used [0x00000000f3780000,0x00000000f3780000,0x00000000f4100000)
 ParOldGen       total 39424K, used 12305K [0x00000000c1200000, 0x00000000c3880000, 0x00000000eb100000)
  object space 39424K, 31% used [0x00000000c1200000,0x00000000c1e046d8,0x00000000c3880000)
 Metaspace       used 24591K, capacity 24975K, committed 25344K, reserved 1071104K
  class space    used 4432K, capacity 4527K, committed 4608K, reserved 1048576K
GC Heap History (10 events):
Event: 3.122 GC heap before
{Heap before GC invocations=4 (full 0):
 PSYoungGen      total 18944K, used 18933K [0x00000000eb100000, 0x00000000ed600000, 0x0000000100000000)
  eden space 16384K, 100% used [0x00000000eb100000,0x00000000ec100000,0x00000000ec100000)
  from space 2560K, 99% used [0x00000000ec100000,0x00000000ec37d740,0x00000000ec380000)
  to   space 2560K, 0% used [0x00000000ed380000,0x00000000ed380000,0x00000000ed600000)
 ParOldGen       total 44032K, used 3115K [0x00000000c1200000, 0x00000000c3d00000, 0x00000000eb100000)
  object space 44032K, 7% used [0x00000000c1200000,0x00000000c150acb8,0x00000000c3d00000)
 Metaspace       used 12185K, capacity 12314K, committed 12416K, reserved 1060864K
  class space    used 1840K, capacity 1879K, committed 1920K, reserved 1048576K
Event: 3.128 GC heap after
Heap after GC invocations=4 (full 0):
 PSYoungGen      total 35328K, used 2546K [0x00000000eb100000, 0x00000000ed600000, 0x0000000100000000)
  eden space 32768K, 0% used [0x00000000eb100000,0x00000000eb100000,0x00000000ed100000)
  from space 2560K, 99% used [0x00000000ed380000,0x00000000ed5fcae8,0x00000000ed600000)
  to   space 2560K, 0% used [0x00000000ed100000,0x00000000ed100000,0x00000000ed380000)
 ParOldGen       total 44032K, used 4629K [0x00000000c1200000, 0x00000000c3d00000, 0x00000000eb100000)
  object space 44032K, 10% used [0x00000000c1200000,0x00000000c1685600,0x00000000c3d00000)
 Metaspace       used 12185K, capacity 12314K, committed 12416K, reserved 1060864K
  class space    used 1840K, capacity 1879K, committed 1920K, reserved 1048576K
}
Event: 3.738 GC heap before
{Heap before GC invocations=5 (full 0):
 PSYoungGen      total 35328K, used 35314K [0x00000000eb100000, 0x00000000ed600000, 0x0000000100000000)
  eden space 32768K, 100% used [0x00000000eb100000,0x00000000ed100000,0x00000000ed100000)
  from space 2560K, 99% used [0x00000000ed380000,0x00000000ed5fcae8,0x00000000ed600000)
  to   space 2560K, 0% used [0x00000000ed100000,0x00000000ed100000,0x00000000ed380000)
 ParOldGen       total 44032K, used 4629K [0x00000000c1200000, 0x00000000c3d00000, 0x00000000eb100000)
  object space 44032K, 10% used [0x00000000c1200000,0x00000000c1685600,0x00000000c3d00000)
 Metaspace       used 14705K, capacity 14851K, committed 15104K, reserved 1060864K
  class space    used 2985K, capacity 3037K, committed 3072K, reserved 1048576K
Event: 3.761 GC heap after
Heap after GC invocations=5 (full 0):
 PSYoungGen      total 35328K, used 2547K [0x00000000eb100000, 0x00000000efc00000, 0x0000000100000000)
  eden space 32768K, 0% used [0x00000000eb100000,0x00000000eb100000,0x00000000ed100000)
  from space 2560K, 99% used [0x00000000ed100000,0x00000000ed37ce40,0x00000000ed380000)
  to   space 5632K, 0% used [0x00000000ef680000,0x00000000ef680000,0x00000000efc00000)
 ParOldGen       total 44032K, used 7414K [0x00000000c1200000, 0x00000000c3d00000, 0x00000000eb100000)
  object space 44032K, 16% used [0x00000000c1200000,0x00000000c193db00,0x00000000c3d00000)
 Metaspace       used 14705K, capacity 14851K, committed 15104K, reserved 1060864K
  class space    used 2985K, capacity 3037K, committed 3072K, reserved 1048576K
}
Event: 5.137 GC heap before
{Heap before GC invocations=6 (full 0):
 PSYoungGen      total 35328K, used 35315K [0x00000000eb100000, 0x00000000efc00000, 0x0000000100000000)
  eden space 32768K, 100% used [0x00000000eb100000,0x00000000ed100000,0x00000000ed100000)
  from space 2560K, 99% used [0x00000000ed100000,0x00000000ed37ce40,0x00000000ed380000)
  to   space 5632K, 0% used [0x00000000ef680000,0x00000000ef680000,0x00000000efc00000)
 ParOldGen       total 44032K, used 7414K [0x00000000c1200000, 0x00000000c3d00000, 0x00000000eb100000)
  object space 44032K, 16% used [0x00000000c1200000,0x00000000c193db00,0x00000000c3d00000)
 Metaspace       used 16872K, capacity 17003K, committed 17280K, reserved 1062912K
  class space    used 3556K, capacity 3625K, committed 3712K, reserved 1048576K
Event: 5.160 GC heap after
Heap after GC invocations=6 (full 0):
 PSYoungGen      total 69632K, used 5603K [0x00000000eb100000, 0x00000000eff00000, 0x0000000100000000)
  eden space 64000K, 0% used [0x00000000eb100000,0x00000000eb100000,0x00000000eef80000)
  from space 5632K, 99% used [0x00000000ef680000,0x00000000efbf8e50,0x00000000efc00000)
  to   space 7168K, 0% used [0x00000000eef80000,0x00000000eef80000,0x00000000ef680000)
 ParOldGen       total 44032K, used 8846K [0x00000000c1200000, 0x00000000c3d00000, 0x00000000eb100000)
  object space 44032K, 20% used [0x00000000c1200000,0x00000000c1aa3ac8,0x00000000c3d00000)
 Metaspace       used 16872K, capacity 17003K, committed 17280K, reserved 1062912K
  class space    used 3556K, capacity 3625K, committed 3712K, reserved 1048576K
}
Event: 6.917 GC heap before
{Heap before GC invocations=7 (full 0):
 PSYoungGen      total 69632K, used 30559K [0x00000000eb100000, 0x00000000eff00000, 0x0000000100000000)
  eden space 64000K, 38% used [0x00000000eb100000,0x00000000ec95edb8,0x00000000eef80000)
  from space 5632K, 99% used [0x00000000ef680000,0x00000000efbf8e50,0x00000000efc00000)
  to   space 7168K, 0% used [0x00000000eef80000,0x00000000eef80000,0x00000000ef680000)
 ParOldGen       total 44032K, used 8846K [0x00000000c1200000, 0x00000000c3d00000, 0x00000000eb100000)
  object space 44032K, 20% used [0x00000000c1200000,0x00000000c1aa3ac8,0x00000000c3d00000)
 Metaspace       used 20895K, capacity 21097K, committed 21296K, reserved 1067008K
  class space    used 4114K, capacity 4194K, committed 4224K, reserved 1048576K
Event: 6.932 GC heap after
Heap after GC invocations=7 (full 0):
 PSYoungGen      total 71168K, used 7153K [0x00000000eb100000, 0x00000000f4100000, 0x0000000100000000)
  eden space 64000K, 0% used [0x00000000eb100000,0x00000000eb100000,0x00000000eef80000)
  from space 7168K, 99% used [0x00000000eef80000,0x00000000ef67c550,0x00000000ef680000)
  to   space 9728K, 0% used [0x00000000f3780000,0x00000000f3780000,0x00000000f4100000)
 ParOldGen       total 44032K, used 11897K [0x00000000c1200000, 0x00000000c3d00000, 0x00000000eb100000)
  object space 44032K, 27% used [0x00000000c1200000,0x00000000c1d9e4b8,0x00000000c3d00000)
 Metaspace       used 20895K, capacity 21097K, committed 21296K, reserved 1067008K
  class space    used 4114K, capacity 4194K, committed 4224K, reserved 1048576K
}
Event: 6.932 GC heap before
{Heap before GC invocations=8 (full 1):
 PSYoungGen      total 71168K, used 7153K [0x00000000eb100000, 0x00000000f4100000, 0x0000000100000000)
  eden space 64000K, 0% used [0x00000000eb100000,0x00000000eb100000,0x00000000eef80000)
  from space 7168K, 99% used [0x00000000eef80000,0x00000000ef67c550,0x00000000ef680000)
  to   space 9728K, 0% used [0x00000000f3780000,0x00000000f3780000,0x00000000f4100000)
 ParOldGen       total 44032K, used 11897K [0x00000000c1200000, 0x00000000c3d00000, 0x00000000eb100000)
  object space 44032K, 27% used [0x00000000c1200000,0x00000000c1d9e4b8,0x00000000c3d00000)
 Metaspace       used 20895K, capacity 21097K, committed 21296K, reserved 1067008K
  class space    used 4114K, capacity 4194K, committed 4224K, reserved 1048576K
Event: 7.014 GC heap after
Heap after GC invocations=8 (full 1):
 PSYoungGen      total 71168K, used 0K [0x00000000eb100000, 0x00000000f4100000, 0x0000000100000000)
  eden space 64000K, 0% used [0x00000000eb100000,0x00000000eb100000,0x00000000eef80000)
  from space 7168K, 0% used [0x00000000eef80000,0x00000000eef80000,0x00000000ef680000)
  to   space 9728K, 0% used [0x00000000f3780000,0x00000000f3780000,0x00000000f4100000)
 ParOldGen       total 39424K, used 12305K [0x00000000c1200000, 0x00000000c3880000, 0x00000000eb100000)
  object space 39424K, 31% used [0x00000000c1200000,0x00000000c1e046d8,0x00000000c3880000)
 Metaspace       used 20895K, capacity 21097K, committed 21296K, reserved 1067008K
  class space    used 4114K, capacity 4194K, committed 4224K, reserved 1048576K
}

