# JRE version: Java(TM) SE Runtime Environment (8.0_181-b13) (build 1.8.0_181-b13)
# Java VM: Java HotSpot(TM) 64-Bit Server VM (25.181-b13 mixed mode windows-amd64 compressed oops)
Heap:
 PSYoungGen      total 105472K, used 11726K [0x00000000eb100000, 0x00000000f4100000, 0x0000000100000000)
  eden space 95744K, 2% used [0x00000000eb100000,0x00000000eb2f7180,0x00000000f0e80000)
  from space 9728K, 99% used [0x00000000f3780000,0x00000000f40fc858,0x00000000f4100000)
  to   space 14336K, 0% used [0x00000000f2500000,0x00000000f2500000,0x00000000f3300000)
 ParOldGen       total 40448K, used 19582K [0x00000000c1200000, 0x00000000c3980000, 0x00000000eb100000)
  object space 40448K, 48% used [0x00000000c1200000,0x00000000c251fba0,0x00000000c3980000)
 Metaspace       used 24729K, capacity 25065K, committed 25344K, reserved 1071104K
  class space    used 4437K, capacity 4530K, committed 4608K, reserved 1048576K
GC Heap History (10 events):
Event: 5.603 GC heap before
{Heap before GC invocations=5 (full 0):
 PSYoungGen      total 35328K, used 35299K [0x00000000eb100000, 0x00000000ed600000, 0x0000000100000000)
  eden space 32768K, 100% used [0x00000000eb100000,0x00000000ed100000,0x00000000ed100000)
  from space 2560K, 98% used [0x00000000ed380000,0x00000000ed5f8e30,0x00000000ed600000)
  to   space 2560K, 0% used [0x00000000ed100000,0x00000000ed100000,0x00000000ed380000)
 ParOldGen       total 44032K, used 4652K [0x00000000c1200000, 0x00000000c3d00000, 0x00000000eb100000)
  object space 44032K, 10% used [0x00000000c1200000,0x00000000c168b050,0x00000000c3d00000)
 Metaspace       used 14717K, capacity 14851K, committed 15104K, reserved 1060864K
  class space    used 2987K, capacity 3037K, committed 3072K, reserved 1048576K
Event: 5.619 GC heap after
Heap after GC invocations=5 (full 0):
 PSYoungGen      total 35328K, used 2531K [0x00000000eb100000, 0x00000000efc00000, 0x0000000100000000)
  eden space 32768K, 0% used [0x00000000eb100000,0x00000000eb100000,0x00000000ed100000)
  from space 2560K, 98% used [0x00000000ed100000,0x00000000ed378e50,0x00000000ed380000)
  to   space 5632K, 0% used [0x00000000ef680000,0x00000000ef680000,0x00000000efc00000)
 ParOldGen       total 44032K, used 7433K [0x00000000c1200000, 0x00000000c3d00000, 0x00000000eb100000)
  object space 44032K, 16% used [0x00000000c1200000,0x00000000c19424e0,0x00000000c3d00000)
 Metaspace       used 14717K, capacity 14851K, committed 15104K, reserved 1060864K
  class space    used 2987K, capacity 3037K, committed 3072K, reserved 1048576K
}
Event: 7.559 GC heap before
{Heap before GC invocations=6 (full 0):
 PSYoungGen      total 35328K, used 35299K [0x00000000eb100000, 0x00000000efc00000, 0x0000000100000000)
  eden space 32768K, 100% used [0x00000000eb100000,0x00000000ed100000,0x00000000ed100000)
  from space 2560K, 98% used [0x00000000ed100000,0x00000000ed378e50,0x00000000ed380000)
  to   space 5632K, 0% used [0x00000000ef680000,0x00000000ef680000,0x00000000efc00000)
 ParOldGen       total 44032K, used 7433K [0x00000000c1200000, 0x00000000c3d00000, 0x00000000eb100000)
  object space 44032K, 16% used [0x00000000c1200000,0x00000000c19424e0,0x00000000c3d00000)
 Metaspace       used 16898K, capacity 17067K, committed 17280K, reserved 1062912K
  class space    used 3557K, capacity 3625K, committed 3712K, reserved 1048576K
Event: 7.581 GC heap after
Heap after GC invocations=6 (full 0):
 PSYoungGen      total 69632K, used 5619K [0x00000000eb100000, 0x00000000eff00000, 0x0000000100000000)
  eden space 64000K, 0% used [0x00000000eb100000,0x00000000eb100000,0x00000000eef80000)
  from space 5632K, 99% used [0x00000000ef680000,0x00000000efbfce60,0x00000000efc00000)
  to   space 7168K, 0% used [0x00000000eef80000,0x00000000eef80000,0x00000000ef680000)
 ParOldGen       total 44032K, used 8819K [0x00000000c1200000, 0x00000000c3d00000, 0x00000000eb100000)
  object space 44032K, 20% used [0x00000000c1200000,0x00000000c1a9ccb0,0x00000000c3d00000)
 Metaspace       used 16898K, capacity 17067K, committed 17280K, reserved 1062912K
  class space    used 3557K, capacity 3625K, committed 3712K, reserved 1048576K
}
Event: 9.973 GC heap before
{Heap before GC invocations=7 (full 0):
 PSYoungGen      total 69632K, used 29875K [0x00000000eb100000, 0x00000000eff00000, 0x0000000100000000)
  eden space 64000K, 37% used [0x00000000eb100000,0x00000000ec8afe70,0x00000000eef80000)
  from space 5632K, 99% used [0x00000000ef680000,0x00000000efbfce60,0x00000000efc00000)
  to   space 7168K, 0% used [0x00000000eef80000,0x00000000eef80000,0x00000000ef680000)
 ParOldGen       total 44032K, used 8819K [0x00000000c1200000, 0x00000000c3d00000, 0x00000000eb100000)
  object space 44032K, 20% used [0x00000000c1200000,0x00000000c1a9ccb0,0x00000000c3d00000)
 Metaspace       used 20879K, capacity 21065K, committed 21296K, reserved 1067008K
  class space    used 4108K, capacity 4162K, committed 4224K, reserved 1048576K
Event: 9.999 GC heap after
Heap after GC invocations=7 (full 0):
 PSYoungGen      total 71168K, used 7146K [0x00000000eb100000, 0x00000000f4100000, 0x0000000100000000)
  eden space 64000K, 0% used [0x00000000eb100000,0x00000000eb100000,0x00000000eef80000)
  from space 7168K, 99% used [0x00000000eef80000,0x00000000ef67a9b0,0x00000000ef680000)
  to   space 9728K, 0% used [0x00000000f3780000,0x00000000f3780000,0x00000000f4100000)
 ParOldGen       total 44032K, used 11923K [0x00000000c1200000, 0x00000000c3d00000, 0x00000000eb100000)
  object space 44032K, 27% used [0x00000000c1200000,0x00000000c1da4c38,0x00000000c3d00000)
 Metaspace       used 20879K, capacity 21065K, committed 21296K, reserved 1067008K
  class space    used 4108K, capacity 4162K, committed 4224K, reserved 1048576K
}
Event: 9.999 GC heap before
{Heap before GC invocations=8 (full 1):
 PSYoungGen      total 71168K, used 7146K [0x00000000eb100000, 0x00000000f4100000, 0x0000000100000000)
  eden space 64000K, 0% used [0x00000000eb100000,0x00000000eb100000,0x00000000eef80000)
  from space 7168K, 99% used [0x00000000eef80000,0x00000000ef67a9b0,0x00000000ef680000)
  to   space 9728K, 0% used [0x00000000f3780000,0x00000000f3780000,0x00000000f4100000)
 ParOldGen       total 44032K, used 11923K [0x00000000c1200000, 0x00000000c3d00000, 0x00000000eb100000)
  object space 44032K, 27% used [0x00000000c1200000,0x00000000c1da4c38,0x00000000c3d00000)
 Metaspace       used 20879K, capacity 21065K, committed 21296K, reserved 1067008K
  class space    used 4108K, capacity 4162K, committed 4224K, reserved 1048576K
Event: 10.126 GC heap after
Heap after GC invocations=8 (full 1):
 PSYoungGen      total 71168K, used 0K [0x00000000eb100000, 0x00000000f4100000, 0x0000000100000000)
  eden space 64000K, 0% used [0x00000000eb100000,0x00000000eb100000,0x00000000eef80000)
  from space 7168K, 0% used [0x00000000eef80000,0x00000000eef80000,0x00000000ef680000)
  to   space 9728K, 0% used [0x00000000f3780000,0x00000000f3780000,0x00000000f4100000)
 ParOldGen       total 40448K, used 12264K [0x00000000c1200000, 0x00000000c3980000, 0x00000000eb100000)
  object space 40448K, 30% used [0x00000000c1200000,0x00000000c1dfa198,0x00000000c3980000)
 Metaspace       used 20879K, capacity 21065K, committed 21296K, reserved 1067008K
  class space    used 4108K, capacity 4162K, committed 4224K, reserved 1048576K
}
Event: 14.599 GC heap before
{Heap before GC invocations=9 (full 1):
 PSYoungGen      total 71168K, used 64000K [0x00000000eb100000, 0x00000000f4100000, 0x0000000100000000)
  eden space 64000K, 100% used [0x00000000eb100000,0x00000000eef80000,0x00000000eef80000)
  from space 7168K, 0% used [0x00000000eef80000,0x00000000eef80000,0x00000000ef680000)
  to   space 9728K, 0% used [0x00000000f3780000,0x00000000f3780000,0x00000000f4100000)
 ParOldGen       total 40448K, used 12264K [0x00000000c1200000, 0x00000000c3980000, 0x00000000eb100000)
  object space 40448K, 30% used [0x00000000c1200000,0x00000000c1dfa198,0x00000000c3980000)
 Metaspace       used 24650K, capacity 24975K, committed 25344K, reserved 1071104K
  class space    used 4434K, capacity 4527K, committed 4608K, reserved 1048576K
Event: 14.643 GC heap after
Heap after GC invocations=9 (full 1):
 PSYoungGen      total 105472K, used 9714K [0x00000000eb100000, 0x00000000f4100000, 0x0000000100000000)
  eden space 95744K, 0% used [0x00000000eb100000,0x00000000eb100000,0x00000000f0e80000)
  from space 9728K, 99% used [0x00000000f3780000,0x00000000f40fc858,0x00000000f4100000)
  to   space 14336K, 0% used [0x00000000f2500000,0x00000000f2500000,0x00000000f3300000)
 ParOldGen       total 40448K, used 19582K [0x00000000c1200000, 0x00000000c3980000, 0x00000000eb100000)
  object space 40448K, 48% used [0x00000000c1200000,0x00000000c251fba0,0x00000000c3980000)
 Metaspace       used 24650K, capacity 24975K, committed 25344K, reserved 1071104K
  class space    used 4434K, capacity 4527K, committed 4608K, reserved 1048576K
}

